<?xml version="1.0" encoding="UTF-8"?>
<testng-results ignored="0" total="1" passed="1" failed="0" skipped="0">
  <reporter-output>
  </reporter-output>
  <suite started-at="2023-06-01T13:02:55 WAT" name="Default suite" finished-at="2023-06-01T13:04:28 WAT" duration-ms="92081">
    <groups>
    </groups>
    <test started-at="2023-06-01T13:02:55 WAT" name="Default test" finished-at="2023-06-01T13:04:28 WAT" duration-ms="92081">
      <class name="tests.logintest">
        <test-method is-config="true" signature="setup()[pri:0, instance:tests.logintest@16a0ee18]" started-at="2023-06-01T13:02:55 WAT" name="setup" finished-at="2023-06-01T13:03:47 WAT" duration-ms="51910" status="PASS">
          <reporter-output>
          </reporter-output>
        </test-method> <!-- setup -->
        <test-method signature="invalidlogin()[pri:0, instance:tests.logintest@16a0ee18]" started-at="2023-06-01T13:03:47 WAT" name="invalidlogin" finished-at="2023-06-01T13:04:27 WAT" duration-ms="39754" status="PASS">
          <reporter-output>
          </reporter-output>
        </test-method> <!-- invalidlogin -->
        <test-method is-config="true" signature="teardown()[pri:0, instance:tests.logintest@16a0ee18]" started-at="2023-06-01T13:04:27 WAT" name="teardown" finished-at="2023-06-01T13:04:28 WAT" duration-ms="342" status="PASS">
          <reporter-output>
          </reporter-output>
        </test-method> <!-- teardown -->
      </class> <!-- tests.logintest -->
    </test> <!-- Default test -->
  </suite> <!-- Default suite -->
</testng-results>
